Ivan Strack ha baneado a Luis Alejandro, razón: Hack Airbrk  Invunerable (12/2/2014)
Mariano Maseda ha baneado a Kevo Black, razón: cheat (12/2/2014)
Lucas Clemente ha baneado a Agus Debernardi, razón: Listo Agus, lo siento (12/2/2014)
Lucas Clemente ha baneado a Emiliano Rosaless, razón: Insultos excesivos. (12/2/2014)
Lucas Clemente ha baneado a Paul Krew, razón: Ban Evade. (12/2/2014)
Steve Strack ha dado una advertencia a Rick Dixon, razón: Sobeit 1/3
Steve Strack ha dado una advertencia a Emilio Escobar, razón: Deja hack 1/3
Steve Strack ha baneado a Agustin Debernardi, razón: ATT : Lucas_Clemente  (12/2/2014)
Lucas Clemente ha baneado a Mike Jefferson, razón: Teleport Hacks Chaito (12/2/2014)
Steve Strack ha baneado a Oscar Castro, razón: Deja de hacer cuentas (12/2/2014)
Lucas Clemente ha baneado a Facundo Rodriguez, razón: Vete entonces... (12/2/2014)
Alejandro Sollozzo ha baneado a Emilio Escobar, razón: Sobeit. (12/2/2014)
Lothar Muller ha baneado a Finn Jake, razón: Calento_DiBanca Supleto_DiJaen I Love you (12/2/2014)
Lucas Clemente ha baneado a Santiago dd, razón: Me canasste... sorry (13/2/2014)
Lucas Clemente ha baneado a Tito Puente, razón: Cheat de armas (13/2/2014)
Andrew Muller ha dado una advertencia a Emi Petrini, razón: asd
Lothar Muller ha baneado a Thomas Escobar, razón: No cheats :* (13/2/2014)
Andrew Muller ha dado una advertencia a Sebas Fedele, razón: a
Robertt Muller ha baneado a Jhon Azocar, razón: OK (13/2/2014)
Robertt Muller ha baneado a Agus xD, razón: YA. (13/2/2014)
Lucas Clemente ha baneado a Jorge Gates, razón: Insultos, chau. (13/2/2014)
Lucas Clemente ha baneado a Jacob Smith, razón: Insultos. (13/2/2014)
Robertt Muller ha dado una advertencia a Rick Dixon, razón: Deja el sobeit.
Robertt Muller ha dado una advertencia a Rick Dixon, razón: otra vez.
Robertt Muller ha baneado a Kevin Strech, razón: Cheat de armas. (16/2/2014)
Lucas Clemente ha baneado a Diego Ruiz, razón: Speed hacks. (16/2/2014)
Ivan Sidorenko ha baneado a Carlos Bontere, razón: Si no te gusta, ya sabes... (19/2/2014)
Ivan Sidorenko ha baneado a Lisandro Miler, razón: Agus Debernarmierdi, vete a tu(s) puto(s) svs. (19/2/2014)
Mariano Maseda ha baneado a Pinguino Rodriguez, razón: chau (21/2/2014)
Ivan Sidorenko ha dado una advertencia a Paolo Bianchi, razón: Deja de trollear. Ya no te aviso más.
Jesus Wasaabee ha baneado a ELVIO LADO, razón: Me cansaste. (22/2/2014)
Alan Sosa ha dado una advertencia a Sonny Marbella, razón: Falta de respeto.
Alan Sosa ha dado una advertencia a Ringo Anchorena, razón: DM y CK.
Alan Sosa ha dado una advertencia a Martin Jhonson, razón: PG
Alan Sosa ha dado una advertencia a Juan Jhonson, razón: No rol de choque
Ivan Sidorenko ha dado una advertencia a Leo Arguello, razón: No parar de trollear en Jail.
Ivan Sidorenko ha dado una advertencia a Leo Arguello, razón: Deja el troll en Jail OOC.
Ivan Sidorenko ha dado una advertencia a Leo Arguello, razón: IAOOC continúos.
Lucas Clemente ha baneado a Owen Heinsberg, razón: Insultos al staff (27/2/2014)
Ivan Sidorenko ha dado una advertencia a Daryl Grimes, razón: La que te debía.
Alexander Spitz ha baneado a Papo Mendez, razón: Amenazas de hacer caer el sv y reinicio posterior del sv (27/2/2014)
Alexander Spitz ha baneado a Gaspar Rosetano, razón: IOOC - Insulto al sv - Flood (28/2/2014)
Andres Bravo ha baneado a Tu Viejo, razón: cheto (28/2/2014)
Andres Bravo ha baneado a Soy La Mole, razón: cheto (28/2/2014)
Oleg Yasikov ha dado una advertencia a Oleg Yasikov, razón: 1
